The Game        > Level 1 > 12/03/20 12:02:07 > >>>>>>>>>>>>>>>>>>>>>>>>>>>>>>>>>>>>>>>>>>>>>>>
Dad             > Level 0 > 12/03/20 12:02:07 > Restored Player: Dad
Dad             > Level 1 > 12/03/20 12:02:07 > Updated score to: 951 for player: Dad
Dad             > Level 1 > 12/03/20 12:02:07 > Reset score to: 100 for player: Dad
Robin           > Level 1 > 12/03/20 12:02:07 > Initialize New Player Robin, Kluis
Robin           > Level 1 > 12/03/20 12:02:07 > Updated race to: Goblin for player: Robin
The Game        > Level 1 > 12/03/20 12:02:07 > The Game        Elapsed Time is:s 0.001 seconds
The Game        > Level 1 > 12/03/20 12:02:07 > <<<<<<<<<<<<<<<<<<<<<<<<<<<<<<<<<<<<<<<<<<<<<<<
The Game        > Level 1 > 12/03/20 12:06:06 > >>>>>>>>>>>>>>>>>>>>>>>>>>>>>>>>>>>>>>>>>>>>>>>
Dad             > Level 2 > 12/03/20 12:06:06 > Restored Player
Dad             > Level 1 > 12/03/20 12:06:06 > Updated score to: 951
Dad             > Level 1 > 12/03/20 12:06:06 > Reset score to: 100
Robin           > Level 2 > 12/03/20 12:06:06 > Initialize New Player Robin, Kluis
Robin           > Level 1 > 12/03/20 12:06:06 > Updated race to: Goblin
The Game        > Level 1 > 12/03/20 12:06:06 > The Game        Elapsed Time is:s 0.001 seconds
The Game        > Level 1 > 12/03/20 12:06:06 > <<<<<<<<<<<<<<<<<<<<<<<<<<<<<<<<<<<<<<<<<<<<<<<
The Game        > Level 1 > 12/03/20 12:07:12 > >>>>>>>>>>>>>>>>>>>>>>>>>>>>>>>>>>>>>>>>>>>>>>>
Dad             > Level 2 > 12/03/20 12:07:12 > Restored Player
Dad             > Level 1 > 12/03/20 12:07:12 > Updated score to: 951
Dad             > Level 1 > 12/03/20 12:07:12 > Reset score to: 100
Robin           > Level 2 > 12/03/20 12:07:12 > Initialize New Player Robin, Kluis
Robin           > Level 1 > 12/03/20 12:07:12 > Updated race to: Goblin
The Game        > Level 1 > 12/03/20 12:07:12 > The Game        Elapsed Time is:s 0.002 seconds
The Game        > Level 1 > 12/03/20 12:07:12 > <<<<<<<<<<<<<<<<<<<<<<<<<<<<<<<<<<<<<<<<<<<<<<<
